Started GET "/" for 127.0.0.1 at 2019-05-08 08:46:28 -0400
Processing by KeyboardDemosController#demo1 as HTML
  Rendering keyboard_demos/demo1.html.erb within layouts/application
  Rendered keyboard_demos/demo1.html.erb within layouts/application (0.7ms)
Completed 200 OK in 1750ms (Views: 1742.8ms | ActiveRecord: 0.0ms)


Started GET "/" for 127.0.0.1 at 2019-05-08 10:11:53 -0400
Processing by KeyboardDemosController#demo1 as HTML
  Rendering keyboard_demos/demo1.html.erb within layouts/application
  Rendered keyboard_demos/demo1.html.erb within layouts/application (0.7ms)
Completed 200 OK in 180ms (Views: 173.2ms | ActiveRecord: 0.0ms)


Started GET "/" for 127.0.0.1 at 2019-05-08 10:15:20 -0400
Processing by KeyboardDemosController#demo1 as HTML
  Rendering keyboard_demos/demo1.html.erb within layouts/application
  Rendered keyboard_demos/demo1.html.erb within layouts/application (0.5ms)
Completed 200 OK in 21ms (Views: 18.8ms | ActiveRecord: 0.0ms)


Started GET "/" for 127.0.0.1 at 2019-05-08 10:28:01 -0400
Processing by KeyboardDemosController#demo1 as HTML
  Rendering keyboard_demos/demo1.html.erb within layouts/application
  Rendered keyboard_demos/demo1.html.erb within layouts/application (0.4ms)
Completed 200 OK in 76ms (Views: 75.0ms | ActiveRecord: 0.0ms)


Started GET "/sign_in" for 127.0.0.1 at 2019-05-08 10:30:49 -0400
  
ActionController::RoutingError (No route matches [GET] "/sign_in"):
  
actionpack (5.2.3) lib/action_dispatch/middleware/debug_exceptions.rb:65:in `call'
web-console (3.7.0) lib/web_console/middleware.rb:135:in `call_app'
web-console (3.7.0) lib/web_console/middleware.rb:30:in `block in call'
web-console (3.7.0) lib/web_console/middleware.rb:20:in `catch'
web-console (3.7.0) lib/web_console/middleware.rb:20:in `call'
actionpack (5.2.3) lib/action_dispatch/middleware/show_exceptions.rb:33:in `call'
railties (5.2.3) lib/rails/rack/logger.rb:38:in `call_app'
railties (5.2.3) lib/rails/rack/logger.rb:26:in `block in call'
activesupport (5.2.3) lib/active_support/tagged_logging.rb:71:in `block in tagged'
activesupport (5.2.3) lib/active_support/tagged_logging.rb:28:in `tagged'
activesupport (5.2.3) lib/active_support/tagged_logging.rb:71:in `tagged'
railties (5.2.3) lib/rails/rack/logger.rb:26:in `call'
sprockets-rails (3.2.1) lib/sprockets/rails/quiet_assets.rb:13:in `call'
actionpack (5.2.3) lib/action_dispatch/middleware/remote_ip.rb:81:in `call'
actionpack (5.2.3) lib/action_dispatch/middleware/request_id.rb:27:in `call'
rack (2.0.7) lib/rack/method_override.rb:22:in `call'
rack (2.0.7) lib/rack/runtime.rb:22:in `call'
activesupport (5.2.3) lib/active_support/cache/strategy/local_cache_middleware.rb:29:in `call'
actionpack (5.2.3) lib/action_dispatch/middleware/executor.rb:14:in `call'
actionpack (5.2.3) lib/action_dispatch/middleware/static.rb:127:in `call'
rack (2.0.7) lib/rack/sendfile.rb:111:in `call'
railties (5.2.3) lib/rails/engine.rb:524:in `call'
puma (3.12.1) lib/puma/configuration.rb:227:in `call'
puma (3.12.1) lib/puma/server.rb:660:in `handle_request'
puma (3.12.1) lib/puma/server.rb:474:in `process_client'
puma (3.12.1) lib/puma/server.rb:334:in `block in run'
puma (3.12.1) lib/puma/thread_pool.rb:135:in `block in spawn_thread'
Started GET "/" for 127.0.0.1 at 2019-05-08 10:54:57 -0400
Processing by KeyboardDemosController#demo1 as HTML
  Rendering keyboard_demos/demo1.html.erb within layouts/application
  Rendered keyboard_demos/demo1.html.erb within layouts/application (0.3ms)
Completed 200 OK in 69ms (Views: 67.7ms | ActiveRecord: 0.0ms)


Started GET "/" for 127.0.0.1 at 2019-05-08 10:58:50 -0400
Processing by KeyboardDemosController#demo1 as HTML
  Rendering keyboard_demos/demo1.html.erb within layouts/application
  Rendered keyboard_demos/demo1.html.erb within layouts/application (0.6ms)
Completed 200 OK in 70ms (Views: 68.9ms | ActiveRecord: 0.0ms)


Started GET "/" for 127.0.0.1 at 2019-05-08 11:21:43 -0400
Processing by KeyboardDemosController#demo1 as HTML
  Rendering keyboard_demos/demo1.html.erb within layouts/application
  Rendered keyboard_demos/demo1.html.erb within layouts/application (0.4ms)
Completed 200 OK in 69ms (Views: 68.3ms | ActiveRecord: 0.0ms)


Started GET "/" for 127.0.0.1 at 2019-05-08 11:22:51 -0400
Processing by KeyboardDemosController#demo1 as HTML
  Rendering keyboard_demos/demo1.html.erb within layouts/application
  Rendered keyboard_demos/demo1.html.erb within layouts/application (0.5ms)
Completed 200 OK in 20ms (Views: 18.6ms | ActiveRecord: 0.0ms)


Started GET "/" for 127.0.0.1 at 2019-05-08 11:25:20 -0400
Processing by KeyboardDemosController#demo1 as HTML
  Rendering keyboard_demos/demo1.html.erb within layouts/application
  Rendered keyboard_demos/demo1.html.erb within layouts/application (0.6ms)
Completed 200 OK in 76ms (Views: 74.3ms | ActiveRecord: 0.0ms)


Started GET "/" for 127.0.0.1 at 2019-05-08 11:27:27 -0400
Processing by KeyboardDemosController#demo1 as HTML
  Rendering keyboard_demos/demo1.html.erb within layouts/application
  Rendered keyboard_demos/demo1.html.erb within layouts/application (0.6ms)
Completed 200 OK in 77ms (Views: 75.6ms | ActiveRecord: 0.0ms)


Started GET "/" for 127.0.0.1 at 2019-05-08 11:27:48 -0400
Processing by KeyboardDemosController#demo1 as HTML
  Rendering keyboard_demos/demo1.html.erb within layouts/application
  Rendered keyboard_demos/demo1.html.erb within layouts/application (0.6ms)
Completed 200 OK in 108ms (Views: 106.3ms | ActiveRecord: 0.0ms)


Started GET "/" for 127.0.0.1 at 2019-05-08 11:27:51 -0400
Processing by KeyboardDemosController#demo1 as HTML
  Rendering keyboard_demos/demo1.html.erb within layouts/application
  Rendered keyboard_demos/demo1.html.erb within layouts/application (0.3ms)
Completed 200 OK in 16ms (Views: 15.1ms | ActiveRecord: 0.0ms)


Started GET "/" for 127.0.0.1 at 2019-05-08 11:29:05 -0400
Processing by KeyboardDemosController#demo1 as HTML
  Rendering keyboard_demos/demo1.html.erb within layouts/application
  Rendered keyboard_demos/demo1.html.erb within layouts/application (0.7ms)
Completed 200 OK in 20ms (Views: 19.0ms | ActiveRecord: 0.0ms)


Started GET "/" for 127.0.0.1 at 2019-05-08 11:29:52 -0400
Processing by KeyboardDemosController#demo1 as HTML
  Rendering keyboard_demos/demo1.html.erb within layouts/application
  Rendered keyboard_demos/demo1.html.erb within layouts/application (0.6ms)
Completed 200 OK in 23ms (Views: 21.7ms | ActiveRecord: 0.0ms)


Started GET "/" for 127.0.0.1 at 2019-05-08 11:30:31 -0400
Processing by KeyboardDemosController#demo1 as HTML
  Rendering keyboard_demos/demo1.html.erb within layouts/application
  Rendered keyboard_demos/demo1.html.erb within layouts/application (0.4ms)
Completed 200 OK in 81ms (Views: 80.5ms | ActiveRecord: 0.0ms)


Started GET "/" for 127.0.0.1 at 2019-05-08 11:31:13 -0400
Processing by KeyboardDemosController#demo1 as HTML
  Rendering keyboard_demos/demo1.html.erb within layouts/application
  Rendered keyboard_demos/demo1.html.erb within layouts/application (0.7ms)
Completed 200 OK in 84ms (Views: 83.1ms | ActiveRecord: 0.0ms)


Started GET "/" for 127.0.0.1 at 2019-05-08 11:31:42 -0400
Processing by KeyboardDemosController#demo1 as HTML
  Rendering keyboard_demos/demo1.html.erb within layouts/application
  Rendered keyboard_demos/demo1.html.erb within layouts/application (0.6ms)
Completed 200 OK in 76ms (Views: 74.7ms | ActiveRecord: 0.0ms)


Started GET "/" for 127.0.0.1 at 2019-05-08 12:19:50 -0400
Processing by KeyboardDemosController#demo1 as HTML
  Rendering keyboard_demos/demo1.html.erb within layouts/application
  Rendered keyboard_demos/demo1.html.erb within layouts/application (0.4ms)
Completed 200 OK in 82ms (Views: 81.5ms | ActiveRecord: 0.0ms)


Started GET "/" for 127.0.0.1 at 2019-05-08 12:21:38 -0400
Processing by KeyboardDemosController#demo1 as HTML
  Rendering keyboard_demos/demo1.html.erb within layouts/application
  Rendered keyboard_demos/demo1.html.erb within layouts/application (0.4ms)
Completed 200 OK in 81ms (Views: 79.6ms | ActiveRecord: 0.0ms)


Started GET "/" for 127.0.0.1 at 2019-05-08 12:23:29 -0400
Processing by KeyboardDemosController#demo1 as HTML
  Rendering keyboard_demos/demo1.html.erb within layouts/application
  Rendered keyboard_demos/demo1.html.erb within layouts/application (0.4ms)
Completed 200 OK in 79ms (Views: 77.3ms | ActiveRecord: 0.0ms)


Started GET "/" for 127.0.0.1 at 2019-05-08 12:27:06 -0400
Processing by KeyboardDemosController#demo1 as HTML
  Rendering keyboard_demos/demo1.html.erb within layouts/application
  Rendered keyboard_demos/demo1.html.erb within layouts/application (0.7ms)
Completed 200 OK in 90ms (Views: 88.2ms | ActiveRecord: 0.0ms)


Started GET "/" for 127.0.0.1 at 2019-05-08 12:29:49 -0400
Processing by KeyboardDemosController#demo1 as HTML
  Rendering keyboard_demos/demo1.html.erb within layouts/application
  Rendered keyboard_demos/demo1.html.erb within layouts/application (0.7ms)
Completed 200 OK in 99ms (Views: 97.3ms | ActiveRecord: 0.0ms)


Started GET "/" for 127.0.0.1 at 2019-05-08 12:30:25 -0400
Processing by KeyboardDemosController#demo1 as HTML
  Rendering keyboard_demos/demo1.html.erb within layouts/application
  Rendered keyboard_demos/demo1.html.erb within layouts/application (0.5ms)
Completed 200 OK in 20ms (Views: 18.6ms | ActiveRecord: 0.0ms)


Started GET "/" for 127.0.0.1 at 2019-05-08 12:30:46 -0400
Processing by KeyboardDemosController#demo1 as HTML
  Rendering keyboard_demos/demo1.html.erb within layouts/application
  Rendered keyboard_demos/demo1.html.erb within layouts/application (0.5ms)
Completed 200 OK in 75ms (Views: 73.8ms | ActiveRecord: 0.0ms)


Started GET "/" for 127.0.0.1 at 2019-05-08 12:31:24 -0400
Processing by KeyboardDemosController#demo1 as HTML
  Rendering keyboard_demos/demo1.html.erb within layouts/application
  Rendered keyboard_demos/demo1.html.erb within layouts/application (1.7ms)
Completed 200 OK in 93ms (Views: 91.8ms | ActiveRecord: 0.0ms)


Started GET "/" for 127.0.0.1 at 2019-05-08 12:31:50 -0400
Processing by KeyboardDemosController#demo1 as HTML
  Rendering keyboard_demos/demo1.html.erb within layouts/application
  Rendered keyboard_demos/demo1.html.erb within layouts/application (0.5ms)
Completed 200 OK in 85ms (Views: 83.6ms | ActiveRecord: 0.0ms)


Started GET "/" for 127.0.0.1 at 2019-05-08 12:32:29 -0400
Processing by KeyboardDemosController#demo1 as HTML
  Rendering keyboard_demos/demo1.html.erb within layouts/application
  Rendered keyboard_demos/demo1.html.erb within layouts/application (0.4ms)
Completed 200 OK in 77ms (Views: 75.6ms | ActiveRecord: 0.0ms)


Started GET "/" for 127.0.0.1 at 2019-05-08 12:32:51 -0400
Processing by KeyboardDemosController#demo1 as HTML
  Rendering keyboard_demos/demo1.html.erb within layouts/application
  Rendered keyboard_demos/demo1.html.erb within layouts/application (0.6ms)
Completed 200 OK in 81ms (Views: 79.6ms | ActiveRecord: 0.0ms)


Started GET "/" for 127.0.0.1 at 2019-05-08 12:33:45 -0400
Processing by KeyboardDemosController#demo1 as HTML
  Rendering keyboard_demos/demo1.html.erb within layouts/application
  Rendered keyboard_demos/demo1.html.erb within layouts/application (0.4ms)
Completed 200 OK in 79ms (Views: 78.1ms | ActiveRecord: 0.0ms)


Started GET "/" for 127.0.0.1 at 2019-05-08 12:34:33 -0400
Processing by KeyboardDemosController#demo1 as HTML
  Rendering keyboard_demos/demo1.html.erb within layouts/application
  Rendered keyboard_demos/demo1.html.erb within layouts/application (0.4ms)
Completed 200 OK in 81ms (Views: 79.7ms | ActiveRecord: 0.0ms)


Started GET "/" for 127.0.0.1 at 2019-05-08 12:36:21 -0400
Processing by KeyboardDemosController#demo1 as HTML
  Rendering keyboard_demos/demo1.html.erb within layouts/application
  Rendered keyboard_demos/demo1.html.erb within layouts/application (0.5ms)
Completed 200 OK in 85ms (Views: 83.8ms | ActiveRecord: 0.0ms)


Started GET "/" for 127.0.0.1 at 2019-05-08 12:38:36 -0400
Processing by KeyboardDemosController#demo1 as HTML
  Rendering keyboard_demos/demo1.html.erb within layouts/application
  Rendered keyboard_demos/demo1.html.erb within layouts/application (0.6ms)
Completed 200 OK in 88ms (Views: 86.6ms | ActiveRecord: 0.0ms)


Started GET "/" for 127.0.0.1 at 2019-05-08 12:38:43 -0400
Processing by KeyboardDemosController#demo1 as HTML
  Rendering keyboard_demos/demo1.html.erb within layouts/application
  Rendered keyboard_demos/demo1.html.erb within layouts/application (0.6ms)
Completed 200 OK in 30ms (Views: 29.1ms | ActiveRecord: 0.0ms)


Started GET "/" for 127.0.0.1 at 2019-05-08 12:38:57 -0400
Processing by KeyboardDemosController#demo1 as HTML
  Rendering keyboard_demos/demo1.html.erb within layouts/application
  Rendered keyboard_demos/demo1.html.erb within layouts/application (0.5ms)
Completed 200 OK in 104ms (Views: 103.2ms | ActiveRecord: 0.0ms)


Started GET "/" for 127.0.0.1 at 2019-05-08 12:39:29 -0400
Processing by KeyboardDemosController#demo1 as HTML
  Rendering keyboard_demos/demo1.html.erb within layouts/application
  Rendered keyboard_demos/demo1.html.erb within layouts/application (0.8ms)
Completed 200 OK in 93ms (Views: 91.1ms | ActiveRecord: 0.0ms)


Started GET "/" for 127.0.0.1 at 2019-05-08 12:40:20 -0400
Processing by KeyboardDemosController#demo1 as HTML
  Rendering keyboard_demos/demo1.html.erb within layouts/application
  Rendered keyboard_demos/demo1.html.erb within layouts/application (0.5ms)
Completed 200 OK in 22ms (Views: 21.3ms | ActiveRecord: 0.0ms)


Started GET "/" for 127.0.0.1 at 2019-05-08 12:40:53 -0400
Processing by KeyboardDemosController#demo1 as HTML
  Rendering keyboard_demos/demo1.html.erb within layouts/application
  Rendered keyboard_demos/demo1.html.erb within layouts/application (0.3ms)
Completed 200 OK in 20ms (Views: 18.7ms | ActiveRecord: 0.0ms)


Started GET "/" for 127.0.0.1 at 2019-05-08 12:54:31 -0400
Processing by KeyboardDemosController#demo1 as HTML
  Rendering keyboard_demos/demo1.html.erb within layouts/application
  Rendered keyboard_demos/demo1.html.erb within layouts/application (0.5ms)
Completed 200 OK in 76ms (Views: 74.4ms | ActiveRecord: 0.0ms)


Started GET "/" for 127.0.0.1 at 2019-05-08 12:54:55 -0400
Processing by KeyboardDemosController#demo1 as HTML
  Rendering keyboard_demos/demo1.html.erb within layouts/application
  Rendered keyboard_demos/demo1.html.erb within layouts/application (6.5ms)
Completed 200 OK in 81ms (Views: 80.0ms | ActiveRecord: 0.0ms)


Started GET "/" for 127.0.0.1 at 2019-05-08 12:55:25 -0400
Processing by KeyboardDemosController#demo1 as HTML
  Rendering keyboard_demos/demo1.html.erb within layouts/application
  Rendered keyboard_demos/demo1.html.erb within layouts/application (0.4ms)
Completed 200 OK in 76ms (Views: 75.1ms | ActiveRecord: 0.0ms)


Started GET "/" for 127.0.0.1 at 2019-05-08 13:00:37 -0400
Processing by KeyboardDemosController#demo1 as HTML
  Rendering keyboard_demos/demo1.html.erb within layouts/application
  Rendered keyboard_demos/demo1.html.erb within layouts/application (0.6ms)
Completed 200 OK in 95ms (Views: 93.8ms | ActiveRecord: 0.0ms)


Started GET "/" for 127.0.0.1 at 2019-05-08 13:02:01 -0400
Processing by KeyboardDemosController#demo1 as HTML
  Rendering keyboard_demos/demo1.html.erb within layouts/application
  Rendered keyboard_demos/demo1.html.erb within layouts/application (0.4ms)
Completed 200 OK in 80ms (Views: 79.0ms | ActiveRecord: 0.0ms)


Started GET "/" for 127.0.0.1 at 2019-05-08 13:03:24 -0400
Processing by KeyboardDemosController#demo1 as HTML
  Rendering keyboard_demos/demo1.html.erb within layouts/application
  Rendered keyboard_demos/demo1.html.erb within layouts/application (0.6ms)
Completed 200 OK in 89ms (Views: 87.6ms | ActiveRecord: 0.0ms)


Started GET "/" for 127.0.0.1 at 2019-05-08 13:07:08 -0400
Processing by KeyboardDemosController#demo1 as HTML
  Rendering keyboard_demos/demo1.html.erb within layouts/application
  Rendered keyboard_demos/demo1.html.erb within layouts/application (1.2ms)
Completed 200 OK in 73ms (Views: 72.3ms | ActiveRecord: 0.0ms)


Started GET "/" for 127.0.0.1 at 2019-05-08 13:08:10 -0400
Processing by KeyboardDemosController#demo1 as HTML
  Rendering keyboard_demos/demo1.html.erb within layouts/application
  Rendered keyboard_demos/demo1.html.erb within layouts/application (0.6ms)
Completed 200 OK in 93ms (Views: 91.5ms | ActiveRecord: 0.0ms)


Started GET "/" for 127.0.0.1 at 2019-05-08 13:08:54 -0400
Processing by KeyboardDemosController#demo1 as HTML
  Rendering keyboard_demos/demo1.html.erb within layouts/application
  Rendered keyboard_demos/demo1.html.erb within layouts/application (2.0ms)
Completed 200 OK in 75ms (Views: 74.3ms | ActiveRecord: 0.0ms)


Started GET "/" for 127.0.0.1 at 2019-05-08 13:09:40 -0400
Processing by KeyboardDemosController#demo1 as HTML
  Rendering keyboard_demos/demo1.html.erb within layouts/application
  Rendered keyboard_demos/demo1.html.erb within layouts/application (0.4ms)
Completed 200 OK in 82ms (Views: 80.2ms | ActiveRecord: 0.0ms)


Started GET "/" for 127.0.0.1 at 2019-05-08 13:10:11 -0400
Processing by KeyboardDemosController#demo1 as HTML
  Rendering keyboard_demos/demo1.html.erb within layouts/application
  Rendered keyboard_demos/demo1.html.erb within layouts/application (0.7ms)
Completed 200 OK in 91ms (Views: 89.5ms | ActiveRecord: 0.0ms)


Started GET "/" for 127.0.0.1 at 2019-05-08 13:12:13 -0400
Processing by KeyboardDemosController#demo1 as HTML
  Rendering keyboard_demos/demo1.html.erb within layouts/application
  Rendered keyboard_demos/demo1.html.erb within layouts/application (0.4ms)
Completed 200 OK in 70ms (Views: 69.2ms | ActiveRecord: 0.0ms)


Started GET "/" for 127.0.0.1 at 2019-05-08 13:12:37 -0400
Processing by KeyboardDemosController#demo1 as HTML
  Rendering keyboard_demos/demo1.html.erb within layouts/application
  Rendered keyboard_demos/demo1.html.erb within layouts/application (0.9ms)
Completed 200 OK in 114ms (Views: 113.0ms | ActiveRecord: 0.0ms)


Started GET "/" for 127.0.0.1 at 2019-05-08 13:13:03 -0400
Processing by KeyboardDemosController#demo1 as HTML
  Rendering keyboard_demos/demo1.html.erb within layouts/application
  Rendered keyboard_demos/demo1.html.erb within layouts/application (0.4ms)
Completed 200 OK in 90ms (Views: 87.2ms | ActiveRecord: 0.0ms)


Started GET "/" for 127.0.0.1 at 2019-05-08 13:13:32 -0400
Processing by KeyboardDemosController#demo1 as HTML
  Rendering keyboard_demos/demo1.html.erb within layouts/application
  Rendered keyboard_demos/demo1.html.erb within layouts/application (0.7ms)
Completed 200 OK in 110ms (Views: 108.1ms | ActiveRecord: 0.0ms)


Started GET "/" for 127.0.0.1 at 2019-05-08 13:15:33 -0400
Processing by KeyboardDemosController#demo1 as HTML
  Rendering keyboard_demos/demo1.html.erb within layouts/application
  Rendered keyboard_demos/demo1.html.erb within layouts/application (0.4ms)
Completed 200 OK in 78ms (Views: 75.2ms | ActiveRecord: 0.0ms)


Started GET "/" for 127.0.0.1 at 2019-05-08 13:17:15 -0400
Processing by KeyboardDemosController#demo1 as HTML
  Rendering keyboard_demos/demo1.html.erb within layouts/application
  Rendered keyboard_demos/demo1.html.erb within layouts/application (0.4ms)
Completed 200 OK in 90ms (Views: 89.0ms | ActiveRecord: 0.0ms)


Started GET "/" for 127.0.0.1 at 2019-05-08 13:18:04 -0400
Processing by KeyboardDemosController#demo1 as HTML
  Rendering keyboard_demos/demo1.html.erb within layouts/application
  Rendered keyboard_demos/demo1.html.erb within layouts/application (0.5ms)
Completed 200 OK in 79ms (Views: 78.0ms | ActiveRecord: 0.0ms)


Started GET "/" for 127.0.0.1 at 2019-05-08 13:21:49 -0400
Processing by KeyboardDemosController#demo1 as HTML
  Rendering keyboard_demos/demo1.html.erb within layouts/application
  Rendered keyboard_demos/demo1.html.erb within layouts/application (0.6ms)
Completed 200 OK in 80ms (Views: 78.3ms | ActiveRecord: 0.0ms)


Started GET "/" for 127.0.0.1 at 2019-05-08 13:37:22 -0400
Processing by KeyboardDemosController#demo1 as HTML
  Rendering keyboard_demos/demo1.html.erb within layouts/application
  Rendered keyboard_demos/demo1.html.erb within layouts/application (0.8ms)
Completed 200 OK in 34ms (Views: 33.0ms | ActiveRecord: 0.0ms)


Started GET "/" for 127.0.0.1 at 2019-05-08 13:38:57 -0400
Processing by KeyboardDemosController#demo1 as HTML
  Rendering keyboard_demos/demo1.html.erb within layouts/application
  Rendered keyboard_demos/demo1.html.erb within layouts/application (0.6ms)
Completed 200 OK in 74ms (Views: 72.9ms | ActiveRecord: 0.0ms)


Started GET "/" for 127.0.0.1 at 2019-05-08 13:39:15 -0400
Processing by KeyboardDemosController#demo1 as HTML
  Rendering keyboard_demos/demo1.html.erb within layouts/application
  Rendered keyboard_demos/demo1.html.erb within layouts/application (0.6ms)
Completed 200 OK in 110ms (Views: 108.0ms | ActiveRecord: 0.0ms)


Started GET "/" for 127.0.0.1 at 2019-05-08 13:42:50 -0400
Processing by KeyboardDemosController#demo1 as HTML
  Rendering keyboard_demos/demo1.html.erb within layouts/application
  Rendered keyboard_demos/demo1.html.erb within layouts/application (0.6ms)
Completed 200 OK in 103ms (Views: 101.4ms | ActiveRecord: 0.0ms)


Started GET "/" for 127.0.0.1 at 2019-05-08 13:43:05 -0400
Processing by KeyboardDemosController#demo1 as HTML
  Rendering keyboard_demos/demo1.html.erb within layouts/application
  Rendered keyboard_demos/demo1.html.erb within layouts/application (0.6ms)
Completed 200 OK in 110ms (Views: 108.3ms | ActiveRecord: 0.0ms)


Started GET "/" for 127.0.0.1 at 2019-05-08 13:46:15 -0400
Processing by KeyboardDemosController#demo1 as HTML
  Rendering keyboard_demos/demo1.html.erb within layouts/application
  Rendered keyboard_demos/demo1.html.erb within layouts/application (0.6ms)
Completed 200 OK in 105ms (Views: 103.1ms | ActiveRecord: 0.0ms)


Started GET "/" for 127.0.0.1 at 2019-05-08 13:47:31 -0400
Processing by KeyboardDemosController#demo1 as HTML
  Rendering keyboard_demos/demo1.html.erb within layouts/application
  Rendered keyboard_demos/demo1.html.erb within layouts/application (0.4ms)
Completed 200 OK in 98ms (Views: 97.3ms | ActiveRecord: 0.0ms)


Started GET "/" for 127.0.0.1 at 2019-05-08 13:48:29 -0400
Processing by KeyboardDemosController#demo1 as HTML
  Rendering keyboard_demos/demo1.html.erb within layouts/application
  Rendered keyboard_demos/demo1.html.erb within layouts/application (0.6ms)
Completed 200 OK in 115ms (Views: 113.2ms | ActiveRecord: 0.0ms)


Started GET "/" for 127.0.0.1 at 2019-05-08 13:48:39 -0400
Processing by KeyboardDemosController#demo1 as HTML
  Rendering keyboard_demos/demo1.html.erb within layouts/application
  Rendered keyboard_demos/demo1.html.erb within layouts/application (1.1ms)
Completed 200 OK in 123ms (Views: 121.2ms | ActiveRecord: 0.0ms)


Started GET "/" for 127.0.0.1 at 2019-05-08 13:50:40 -0400
Processing by KeyboardDemosController#demo1 as HTML
  Rendering keyboard_demos/demo1.html.erb within layouts/application
  Rendered keyboard_demos/demo1.html.erb within layouts/application (0.4ms)
Completed 200 OK in 77ms (Views: 76.6ms | ActiveRecord: 0.0ms)


Started GET "/" for 127.0.0.1 at 2019-05-08 13:50:52 -0400
Processing by KeyboardDemosController#demo1 as HTML
  Rendering keyboard_demos/demo1.html.erb within layouts/application
  Rendered keyboard_demos/demo1.html.erb within layouts/application (1.8ms)
Completed 200 OK in 27ms (Views: 25.8ms | ActiveRecord: 0.0ms)


Started GET "/" for 127.0.0.1 at 2019-05-08 13:54:44 -0400
Processing by KeyboardDemosController#demo1 as HTML
  Rendering keyboard_demos/demo1.html.erb within layouts/application
  Rendered keyboard_demos/demo1.html.erb within layouts/application (0.7ms)
Completed 200 OK in 111ms (Views: 109.1ms | ActiveRecord: 0.0ms)


Started GET "/" for 127.0.0.1 at 2019-05-08 13:56:24 -0400
Processing by KeyboardDemosController#demo1 as HTML
  Rendering keyboard_demos/demo1.html.erb within layouts/application
  Rendered keyboard_demos/demo1.html.erb within layouts/application (3.1ms)
Completed 200 OK in 108ms (Views: 106.9ms | ActiveRecord: 0.0ms)


Started GET "/" for 127.0.0.1 at 2019-05-08 13:56:55 -0400
Processing by KeyboardDemosController#demo1 as HTML
  Rendering keyboard_demos/demo1.html.erb within layouts/application
  Rendered keyboard_demos/demo1.html.erb within layouts/application (0.7ms)
Completed 200 OK in 106ms (Views: 105.0ms | ActiveRecord: 0.0ms)


Started GET "/" for 127.0.0.1 at 2019-05-08 13:57:32 -0400
Processing by KeyboardDemosController#demo1 as HTML
  Rendering keyboard_demos/demo1.html.erb within layouts/application
  Rendered keyboard_demos/demo1.html.erb within layouts/application (1.7ms)
Completed 200 OK in 109ms (Views: 107.3ms | ActiveRecord: 0.0ms)


Started GET "/" for 127.0.0.1 at 2019-05-08 13:57:59 -0400
Processing by KeyboardDemosController#demo1 as HTML
  Rendering keyboard_demos/demo1.html.erb within layouts/application
  Rendered keyboard_demos/demo1.html.erb within layouts/application (0.6ms)
Completed 200 OK in 96ms (Views: 94.2ms | ActiveRecord: 0.0ms)


Started GET "/" for 127.0.0.1 at 2019-05-08 13:59:31 -0400
Processing by KeyboardDemosController#demo1 as HTML
  Rendering keyboard_demos/demo1.html.erb within layouts/application
  Rendered keyboard_demos/demo1.html.erb within layouts/application (0.4ms)
Completed 200 OK in 186ms (Views: 184.9ms | ActiveRecord: 0.0ms)


Started GET "/" for 127.0.0.1 at 2019-05-08 14:00:07 -0400
Processing by KeyboardDemosController#demo1 as HTML
  Rendering keyboard_demos/demo1.html.erb within layouts/application
  Rendered keyboard_demos/demo1.html.erb within layouts/application (0.7ms)
Completed 200 OK in 121ms (Views: 118.9ms | ActiveRecord: 0.0ms)


Started GET "/" for 127.0.0.1 at 2019-05-08 14:00:45 -0400
Processing by KeyboardDemosController#demo1 as HTML
  Rendering keyboard_demos/demo1.html.erb within layouts/application
  Rendered keyboard_demos/demo1.html.erb within layouts/application (0.7ms)
Completed 200 OK in 105ms (Views: 103.5ms | ActiveRecord: 0.0ms)


Started GET "/" for 127.0.0.1 at 2019-05-08 14:04:00 -0400
Processing by KeyboardDemosController#demo1 as HTML
  Rendering keyboard_demos/demo1.html.erb within layouts/application
  Rendered keyboard_demos/demo1.html.erb within layouts/application (0.4ms)
Completed 200 OK in 80ms (Views: 78.9ms | ActiveRecord: 0.0ms)


Started GET "/" for 127.0.0.1 at 2019-05-08 14:04:20 -0400
Processing by KeyboardDemosController#demo1 as HTML
  Rendering keyboard_demos/demo1.html.erb within layouts/application
  Rendered keyboard_demos/demo1.html.erb within layouts/application (0.4ms)
Completed 200 OK in 110ms (Views: 109.1ms | ActiveRecord: 0.0ms)


Started GET "/" for 127.0.0.1 at 2019-05-08 14:05:27 -0400
Processing by KeyboardDemosController#demo1 as HTML
  Rendering keyboard_demos/demo1.html.erb within layouts/application
  Rendered keyboard_demos/demo1.html.erb within layouts/application (0.7ms)
Completed 200 OK in 107ms (Views: 105.3ms | ActiveRecord: 0.0ms)


Started GET "/" for 127.0.0.1 at 2019-05-08 14:06:40 -0400
Processing by KeyboardDemosController#demo1 as HTML
  Rendering keyboard_demos/demo1.html.erb within layouts/application
  Rendered keyboard_demos/demo1.html.erb within layouts/application (0.9ms)
Completed 200 OK in 83ms (Views: 81.9ms | ActiveRecord: 0.0ms)


Started GET "/" for 127.0.0.1 at 2019-05-08 14:09:10 -0400
Processing by KeyboardDemosController#demo1 as HTML
  Rendering keyboard_demos/demo1.html.erb within layouts/application
  Rendered keyboard_demos/demo1.html.erb within layouts/application (0.6ms)
Completed 200 OK in 91ms (Views: 88.5ms | ActiveRecord: 0.0ms)


Started GET "/" for 127.0.0.1 at 2019-05-08 14:10:04 -0400
Processing by KeyboardDemosController#demo1 as HTML
  Rendering keyboard_demos/demo1.html.erb within layouts/application
  Rendered keyboard_demos/demo1.html.erb within layouts/application (0.4ms)
Completed 200 OK in 21ms (Views: 19.9ms | ActiveRecord: 0.0ms)


Started GET "/" for 127.0.0.1 at 2019-05-08 14:10:58 -0400
Processing by KeyboardDemosController#demo1 as HTML
  Rendering keyboard_demos/demo1.html.erb within layouts/application
  Rendered keyboard_demos/demo1.html.erb within layouts/application (0.5ms)
Completed 200 OK in 27ms (Views: 24.9ms | ActiveRecord: 0.0ms)


Started GET "/" for 127.0.0.1 at 2019-05-08 14:11:17 -0400
Processing by KeyboardDemosController#demo1 as HTML
  Rendering keyboard_demos/demo1.html.erb within layouts/application
  Rendered keyboard_demos/demo1.html.erb within layouts/application (0.6ms)
Completed 200 OK in 38ms (Views: 37.3ms | ActiveRecord: 0.0ms)


Started GET "/" for 127.0.0.1 at 2019-05-08 14:11:54 -0400
Processing by KeyboardDemosController#demo1 as HTML
  Rendering keyboard_demos/demo1.html.erb within layouts/application
  Rendered keyboard_demos/demo1.html.erb within layouts/application (0.5ms)
Completed 200 OK in 48ms (Views: 46.4ms | ActiveRecord: 0.0ms)


Started GET "/" for 127.0.0.1 at 2019-05-08 14:17:09 -0400
Processing by KeyboardDemosController#demo1 as HTML
  Rendering keyboard_demos/demo1.html.erb within layouts/application
  Rendered keyboard_demos/demo1.html.erb within layouts/application (0.5ms)
Completed 200 OK in 101ms (Views: 99.8ms | ActiveRecord: 0.0ms)


Started GET "/" for 127.0.0.1 at 2019-05-08 14:18:49 -0400
Processing by KeyboardDemosController#demo1 as HTML
  Rendering keyboard_demos/demo1.html.erb within layouts/application
  Rendered keyboard_demos/demo1.html.erb within layouts/application (0.4ms)
Completed 200 OK in 101ms (Views: 99.4ms | ActiveRecord: 0.0ms)


Started GET "/" for 127.0.0.1 at 2019-05-08 14:19:48 -0400
Processing by KeyboardDemosController#demo1 as HTML
  Rendering keyboard_demos/demo1.html.erb within layouts/application
  Rendered keyboard_demos/demo1.html.erb within layouts/application (0.4ms)
Completed 200 OK in 22ms (Views: 20.7ms | ActiveRecord: 0.0ms)


Started GET "/" for 127.0.0.1 at 2019-05-08 14:22:39 -0400
Processing by KeyboardDemosController#demo1 as HTML
  Rendering keyboard_demos/demo1.html.erb within layouts/application
  Rendered keyboard_demos/demo1.html.erb within layouts/application (0.9ms)
Completed 200 OK in 27ms (Views: 26.0ms | ActiveRecord: 0.0ms)


Started GET "/" for 127.0.0.1 at 2019-05-08 14:24:13 -0400
Processing by KeyboardDemosController#demo1 as HTML
  Rendering keyboard_demos/demo1.html.erb within layouts/application
  Rendered keyboard_demos/demo1.html.erb within layouts/application (0.6ms)
Completed 200 OK in 35ms (Views: 33.3ms | ActiveRecord: 0.0ms)


